<?xml version="1.0" encoding="UTF-8"?>
<!-- Generated by org.testng.reporters.JUnitReportReporter -->
<testsuite hostname="Himanshu" failures="0" tests="1" name="Execution.Runnerclass" time="3.150" errors="0" timestamp="2025-10-07T09:43:08 IST" skipped="0">
  <testcase classname="Execution.Runnerclass" name="runScenario" time="3.150"/>
  <system-out/>
</testsuite> <!-- Execution.Runnerclass -->
